<?xml version="1.0" encoding="UTF-8"?>
<!-- Generated by org.testng.reporters.JUnitXMLReporter -->
<testsuite hostname="LT-53JXL63" ignored="4" name="Default test" tests="1" failures="0" timestamp="2022-04-27T10:58:27 IST" time="19.451" errors="0">
  <testcase name="dropDown" time="19.389" classname="main.FirstAppiumClass"/>
  <testcase name="checkBox" time="0.0" classname="main.FirstAppiumClass">
    <ignored/>
  </testcase> <!-- checkBox -->
  <testcase name="firstAPpiumMethod" time="0.0" classname="main.FirstAppiumClass">
    <ignored/>
  </testcase> <!-- firstAPpiumMethod -->
  <testcase name="addTestButton" time="0.0" classname="main.FirstAppiumClass">
    <ignored/>
  </testcase> <!-- addTestButton -->
  <testcase name="scrollToElment" time="0.0" classname="main.FirstAppiumClass">
    <ignored/>
  </testcase> <!-- scrollToElment -->
</testsuite> <!-- Default test -->
