<?xml version="1.0" encoding="UTF-8"?>
<testng-results skipped="0" failed="0" ignored="4" total="5" passed="1">
  <reporter-output>
  </reporter-output>
  <suite name="Default suite" duration-ms="19451" started-at="2022-04-27T10:58:08 IST" finished-at="2022-04-27T10:58:27 IST">
    <groups>
    </groups>
    <test name="Default test" duration-ms="19451" started-at="2022-04-27T10:58:08 IST" finished-at="2022-04-27T10:58:27 IST">
      <class name="main.FirstAppiumClass">
        <test-method status="PASS" signature="setupDriver()[pri:0, instance:main.FirstAppiumClass@a38d7a3]" name="setupDriver" is-config="true" duration-ms="34165" started-at="2022-04-27T10:57:33 IST" finished-at="2022-04-27T10:58:08 IST">
          <reporter-output>
          </reporter-output>
        </test-method> <!-- setupDriver -->
        <test-method status="PASS" signature="dropDown()[pri:0, instance:main.FirstAppiumClass@a38d7a3]" name="dropDown" duration-ms="19389" started-at="2022-04-27T10:58:08 IST" finished-at="2022-04-27T10:58:27 IST">
          <reporter-output>
          </reporter-output>
        </test-method> <!-- dropDown -->
        <test-method status="PASS" signature="closeDriver()[pri:0, instance:main.FirstAppiumClass@a38d7a3]" name="closeDriver" is-config="true" duration-ms="1296" started-at="2022-04-27T10:58:27 IST" finished-at="2022-04-27T10:58:28 IST">
          <reporter-output>
          </reporter-output>
        </test-method> <!-- closeDriver -->
      </class> <!-- main.FirstAppiumClass -->
    </test> <!-- Default test -->
  </suite> <!-- Default suite -->
</testng-results>
